<?xml version="1.0" encoding="UTF-8"?>
<!-- Generated by org.testng.reporters.JUnitReportReporter -->
<testsuite skipped="0" hostname="CBT-MH-000" name="Posttweet" tests="1" failures="0" timestamp="10 Oct 2019 09:47:07 GMT" time="5.186" errors="0">
  <testcase name="postTweet" time="5.186" classname="Posttweet"/>
</testsuite> <!-- Posttweet -->
