<?xml version="1.0" encoding="UTF-8"?>
<!-- Generated by org.testng.reporters.JUnitReportReporter -->
<testsuite skipped="0" hostname="CBT-MH-000" name="Twitter" tests="1" failures="0" timestamp="10 Oct 2019 09:23:34 GMT" time="8.087" errors="0">
  <testcase name="getTweet" time="8.087" classname="Twitter"/>
</testsuite> <!-- Twitter -->
