<?xml version="1.0" encoding="UTF-8"?>
<!-- Generated by org.testng.reporters.JUnitReportReporter -->
<testsuite skipped="0" hostname="CBT-MH-000" name="tra.Base" tests="1" failures="0" timestamp="29 Oct 2019 06:03:17 GMT" time="31.095" errors="0">
  <testcase name="Myaccount" time="31.095" classname="tra.Base"/>
</testsuite> <!-- tra.Base -->
